<?xml version="1.0" encoding="UTF-8"?>
<!-- Generated by org.testng.reporters.JUnitReportReporter -->
<testsuite hostname="DESKTOP-6CEB7OL" failures="0" tests="5" name="com.pom.testingclasses.VerifyKeywords" time="1.830" errors="0" timestamp="2021-06-12T15:33:48 IST" skipped="2">
  <testcase classname="com.pom.testingclasses.VerifyKeywords" name="test1" time="1.751"/>
  <system-out/>
  <testcase classname="com.pom.testingclasses.VerifyKeywords" name="test2" time="0.074"/>
  <system-out/>
  <testcase classname="com.pom.testingclasses.VerifyKeywords" name="test5" time="0.005"/>
  <system-out/>
  <testcase classname="com.pom.testingclasses.VerifyKeywords" name="test4">
    <skipped/>
  </testcase> <!-- test4 -->
  <system-out/>
  <testcase classname="com.pom.testingclasses.VerifyKeywords" name="test3">
    <skipped/>
  </testcase> <!-- test3 -->
  <system-out/>
</testsuite> <!-- com.pom.testingclasses.VerifyKeywords -->
